
<!DOCTYPE html>
<html>
<head>
    <title>Car Parking System - Test Report</title>
    <style>
        body { font-family: Arial, sans-serif; margin: 20px; }
        .header { background-color: #2c3e50; color: white; padding: 20px; border-radius: 5px; }
        .summary { background-color: #ecf0f1; padding: 15px; margin: 20px 0; border-radius: 5px; }
        .test-result { margin: 10px 0; padding: 10px; border-left: 4px solid #ccc; }
        .passed { border-left-color: #27ae60; background-color: #d5f4e6; }
        .failed { border-left-color: #e74c3c; background-color: #fdf2f2; }
        .error { border-left-color: #f39c12; background-color: #fef9e7; }
        .skipped { border-left-color: #95a5a6; background-color: #f8f9fa; }
        .metrics { display: grid; grid-template-columns: repeat(auto-fit, minmax(200px, 1fr)); gap: 15px; }
        .metric { background: white; padding: 15px; border-radius: 5px; box-shadow: 0 2px 4px rgba(0,0,0,0.1); }
    </style>
</head>
<body>
    <div class="header">
        <h1>Car Parking Vending System - Test Report</h1>
        <p>Generated: 2025-06-08 13:35:44</p>
    </div>
    
    <div class="summary">
        <h2>Test Execution Summary</h2>
        <div class="metrics">
            <div class="metric">
                <h3>Total Tests</h3>
                <h2>23</h2>
            </div>
            <div class="metric">
                <h3>Passed</h3>
                <h2 style="color: #27ae60">0</h2>
            </div>
            <div class="metric">
                <h3>Failed</h3>
                <h2 style="color: #e74c3c">1</h2>
            </div>
            <div class="metric">
                <h3>Errors</h3>
                <h2 style="color: #f39c12">22</h2>
            </div>
            <div class="metric">
                <h3>Execution Time</h3>
                <h2>1.68s</h2>
            </div>
        </div>
    </div>
    
    <h2>Detailed Test Results</h2>

    <div class="test-result error">
        <h4>test_communication_protocols (unittest.loader._FailedTest)</h4>
        <p><strong>Status:</strong> ERROR</p>
        <p><strong>Execution Time:</strong> 0.000s</p>

        <p><strong>Message:</strong></p>
        <pre>Failed to import test module: test_communication_protocols
Traceback (most recent call last):
  File "C:\Program Files\Python310\lib\unittest\loader.py", line 436, in _find_test_path
    module = self._get_module_from_name(name)
  File "C:\Program Files\Python310\lib\unittest\loader.py", line 377, in _get_module_from_name
    __import__(name)
  File "C:\Users\Legion\Desktop\PLC\Car_Parking_Vending_System\tests\unit\test_communication_protocols.py", line 16, in <module>
    from communication.protocols import CommunicationManager
  File "C:\Users\Legion\Desktop\PLC\Car_Parking_Vending_System\tests\..\src\communication\protocols.py", line 7, in <module>
    import websockets
ModuleNotFoundError: No module named 'websockets'
</pre>
    </div>

    <div class="test-result error">
        <h4>test_backup_and_restore (test_database_manager.TestDatabaseManager)</h4>
        <p><strong>Status:</strong> ERROR</p>
        <p><strong>Execution Time:</strong> 0.000s</p>

        <p><strong>Message:</strong></p>
        <pre>DatabaseManager.add_vehicle() takes 2 positional arguments but 6 were given</pre>
    </div>

    <div class="test-result failed">
        <h4>test_concurrent_operations (test_database_manager.TestDatabaseManager)</h4>
        <p><strong>Status:</strong> FAILED</p>
        <p><strong>Execution Time:</strong> 0.000s</p>

        <p><strong>Message:</strong></p>
        <pre>0 != 20</pre>
    </div>

    <div class="test-result error">
        <h4>test_data_validation (test_database_manager.TestDatabaseManager)</h4>
        <p><strong>Status:</strong> ERROR</p>
        <p><strong>Execution Time:</strong> 0.000s</p>

        <p><strong>Message:</strong></p>
        <pre>DatabaseManager.add_vehicle() takes 2 positional arguments but 6 were given</pre>
    </div>

    <div class="test-result error">
        <h4>test_database_initialization (test_database_manager.TestDatabaseManager)</h4>
        <p><strong>Status:</strong> ERROR</p>
        <p><strong>Execution Time:</strong> 0.000s</p>

        <p><strong>Message:</strong></p>
        <pre>'DatabaseManager' object has no attribute 'get_tables'</pre>
    </div>

    <div class="test-result error">
        <h4>test_maintenance_records (test_database_manager.TestDatabaseManager)</h4>
        <p><strong>Status:</strong> ERROR</p>
        <p><strong>Execution Time:</strong> 0.000s</p>

        <p><strong>Message:</strong></p>
        <pre>'DatabaseManager' object has no attribute 'create_maintenance_record'</pre>
    </div>

    <div class="test-result error">
        <h4>test_parking_space_operations (test_database_manager.TestDatabaseManager)</h4>
        <p><strong>Status:</strong> ERROR</p>
        <p><strong>Execution Time:</strong> 0.000s</p>

        <p><strong>Message:</strong></p>
        <pre>'DatabaseManager' object has no attribute 'allocate_parking_space'</pre>
    </div>

    <div class="test-result error">
        <h4>test_system_events_logging (test_database_manager.TestDatabaseManager)</h4>
        <p><strong>Status:</strong> ERROR</p>
        <p><strong>Execution Time:</strong> 0.000s</p>

        <p><strong>Message:</strong></p>
        <pre>'DatabaseManager' object has no attribute 'log_system_event'</pre>
    </div>

    <div class="test-result error">
        <h4>test_transaction_operations (test_database_manager.TestDatabaseManager)</h4>
        <p><strong>Status:</strong> ERROR</p>
        <p><strong>Execution Time:</strong> 0.000s</p>

        <p><strong>Message:</strong></p>
        <pre>DatabaseManager.create_transaction() takes 2 positional arguments but 5 were given</pre>
    </div>

    <div class="test-result error">
        <h4>test_vehicle_operations (test_database_manager.TestDatabaseManager)</h4>
        <p><strong>Status:</strong> ERROR</p>
        <p><strong>Execution Time:</strong> 0.000s</p>

        <p><strong>Message:</strong></p>
        <pre>DatabaseManager.add_vehicle() takes 2 positional arguments but 6 were given</pre>
    </div>

    <div class="test-result error">
        <h4>test_arrival_simulation (test_parking_simulator.TestParkingSimulator)</h4>
        <p><strong>Status:</strong> ERROR</p>
        <p><strong>Execution Time:</strong> 0.000s</p>

        <p><strong>Message:</strong></p>
        <pre>'ParkingSimulator' object has no attribute 'initialize_parking_grid'</pre>
    </div>

    <div class="test-result error">
        <h4>test_data_export (test_parking_simulator.TestParkingSimulator)</h4>
        <p><strong>Status:</strong> ERROR</p>
        <p><strong>Execution Time:</strong> 0.000s</p>

        <p><strong>Message:</strong></p>
        <pre>'ParkingSimulator' object has no attribute 'initialize_parking_grid'</pre>
    </div>

    <div class="test-result error">
        <h4>test_departure_simulation (test_parking_simulator.TestParkingSimulator)</h4>
        <p><strong>Status:</strong> ERROR</p>
        <p><strong>Execution Time:</strong> 0.000s</p>

        <p><strong>Message:</strong></p>
        <pre>'ParkingSimulator' object has no attribute 'initialize_parking_grid'</pre>
    </div>

    <div class="test-result error">
        <h4>test_parking_space_management (test_parking_simulator.TestParkingSimulator)</h4>
        <p><strong>Status:</strong> ERROR</p>
        <p><strong>Execution Time:</strong> 0.000s</p>

        <p><strong>Message:</strong></p>
        <pre>'ParkingSimulator' object has no attribute 'initialize_parking_grid'</pre>
    </div>

    <div class="test-result error">
        <h4>test_payment_simulation (test_parking_simulator.TestParkingSimulator)</h4>
        <p><strong>Status:</strong> ERROR</p>
        <p><strong>Execution Time:</strong> 0.000s</p>

        <p><strong>Message:</strong></p>
        <pre>'ParkingSimulator' object has no attribute 'generate_payment_method'</pre>
    </div>

    <div class="test-result error">
        <h4>test_peak_hour_simulation (test_parking_simulator.TestParkingSimulator)</h4>
        <p><strong>Status:</strong> ERROR</p>
        <p><strong>Execution Time:</strong> 0.000s</p>

        <p><strong>Message:</strong></p>
        <pre>'ParkingSimulator' object has no attribute 'get_peak_hour_config'</pre>
    </div>

    <div class="test-result error">
        <h4>test_queue_management (test_parking_simulator.TestParkingSimulator)</h4>
        <p><strong>Status:</strong> ERROR</p>
        <p><strong>Execution Time:</strong> 0.000s</p>

        <p><strong>Message:</strong></p>
        <pre>'ParkingSimulator' object has no attribute 'initialize_parking_grid'</pre>
    </div>

    <div class="test-result error">
        <h4>test_real_time_simulation (test_parking_simulator.TestParkingSimulator)</h4>
        <p><strong>Status:</strong> ERROR</p>
        <p><strong>Execution Time:</strong> 0.000s</p>

        <p><strong>Message:</strong></p>
        <pre>'ParkingSimulator' object has no attribute 'initialize_parking_grid'</pre>
    </div>

    <div class="test-result error">
        <h4>test_scenario_simulation (test_parking_simulator.TestParkingSimulator)</h4>
        <p><strong>Status:</strong> ERROR</p>
        <p><strong>Execution Time:</strong> 0.000s</p>

        <p><strong>Message:</strong></p>
        <pre>'ParkingSimulator' object has no attribute 'get_scenario_config'</pre>
    </div>

    <div class="test-result error">
        <h4>test_simulator_initialization (test_parking_simulator.TestParkingSimulator)</h4>
        <p><strong>Status:</strong> ERROR</p>
        <p><strong>Execution Time:</strong> 0.000s</p>

        <p><strong>Message:</strong></p>
        <pre>'ParkingSimulator' object has no attribute 'levels'</pre>
    </div>

    <div class="test-result error">
        <h4>test_statistics_tracking (test_parking_simulator.TestParkingSimulator)</h4>
        <p><strong>Status:</strong> ERROR</p>
        <p><strong>Execution Time:</strong> 0.000s</p>

        <p><strong>Message:</strong></p>
        <pre>'ParkingSimulator' object has no attribute 'initialize_parking_grid'</pre>
    </div>

    <div class="test-result error">
        <h4>test_vehicle_generation (test_parking_simulator.TestParkingSimulator)</h4>
        <p><strong>Status:</strong> ERROR</p>
        <p><strong>Execution Time:</strong> 0.000s</p>

        <p><strong>Message:</strong></p>
        <pre>'ParkingSimulator' object has no attribute 'generate_vehicle'</pre>
    </div>

    <div class="test-result error">
        <h4>test_system_integration (unittest.loader._FailedTest)</h4>
        <p><strong>Status:</strong> ERROR</p>
        <p><strong>Execution Time:</strong> 0.000s</p>

        <p><strong>Message:</strong></p>
        <pre>Failed to import test module: test_system_integration
Traceback (most recent call last):
  File "C:\Program Files\Python310\lib\unittest\loader.py", line 436, in _find_test_path
    module = self._get_module_from_name(name)
  File "C:\Program Files\Python310\lib\unittest\loader.py", line 377, in _get_module_from_name
    __import__(name)
  File "C:\Users\Legion\Desktop\PLC\Car_Parking_Vending_System\tests\integration\test_system_integration.py", line 18, in <module>
    from communication.protocols import CommunicationManager
  File "C:\Users\Legion\Desktop\PLC\Car_Parking_Vending_System\tests\..\src\communication\protocols.py", line 7, in <module>
    import websockets
ModuleNotFoundError: No module named 'websockets'
</pre>
    </div>

</body>
</html>
